<?xml version="1.0" encoding="UTF-8"?>
<testng-results skipped="0" failed="0" total="2" passed="2">
  <reporter-output>
  </reporter-output>
  <suite name="Default suite" duration-ms="97231" started-at="2018-03-10T18:26:53Z" finished-at="2018-03-10T18:28:31Z">
    <groups>
    </groups>
    <test name="Default test" duration-ms="97231" started-at="2018-03-10T18:26:53Z" finished-at="2018-03-10T18:28:31Z">
      <class name="com.jenkins.SeleniumWithJenkins.Generic_methods">
        <test-method status="PASS" signature="launchBrowser()[pri:0, instance:com.jenkins.SeleniumWithJenkins.Generic_methods@4439f31e]" name="launchBrowser" duration-ms="54079" started-at="2018-03-10T13:26:53Z" finished-at="2018-03-10T13:27:47Z">
          <reporter-output>
          </reporter-output>
        </test-method> <!-- launchBrowser -->
        <test-method status="PASS" signature="searchFunction()[pri:0, instance:com.jenkins.SeleniumWithJenkins.Generic_methods@4439f31e]" name="searchFunction" duration-ms="43135" started-at="2018-03-10T13:27:47Z" finished-at="2018-03-10T13:28:31Z">
          <reporter-output>
          </reporter-output>
        </test-method> <!-- searchFunction -->
      </class> <!-- com.jenkins.SeleniumWithJenkins.Generic_methods -->
    </test> <!-- Default test -->
  </suite> <!-- Default suite -->
</testng-results>
